<?xml version="1.0" encoding="UTF-8"?>
<testng-results ignored="0" total="1" passed="1" failed="0" skipped="0">
  <reporter-output>
  </reporter-output>
  <suite started-at="2023-09-29T15:30:43 IST" name="Default suite" finished-at="2023-09-29T15:30:47 IST" duration-ms="3933">
    <groups>
    </groups>
    <test started-at="2023-09-29T15:30:43 IST" name="Default test" finished-at="2023-09-29T15:30:47 IST" duration-ms="3933">
      <class name="XMLAPI.ParsingXMLReponse">
        <test-method signature="XmlResposebody()[pri:1, instance:XMLAPI.ParsingXMLReponse@50a638b5]" started-at="2023-09-29T15:30:43 IST" name="XmlResposebody" finished-at="2023-09-29T15:30:47 IST" duration-ms="3865" status="PASS">
          <reporter-output>
          </reporter-output>
        </test-method> <!-- XmlResposebody -->
      </class> <!-- XMLAPI.ParsingXMLReponse -->
    </test> <!-- Default test -->
  </suite> <!-- Default suite -->
</testng-results>
